C:\Program Files (x86)\Microsoft Visual Studio\2019\Community\MSBuild\Microsoft\VC\v160\Microsoft.CppBuild.targets(397,5): warning MSB8004: Output Directory does not end with a trailing slash.  This build instance will add the slash as it is required to allow proper evaluation of the Output Directory.
  Congestion.c
  CUBIC.c
  DelayedAck.c
  RTO.c
  SACK.c
  SYN_flood.c
  TCB.c
  TCP.c
C:\Users\Namrata\source\repos\DOS_Attack_v12.0\DOS_Attack_IoT_Workspace\src\Simulation\TCP\TCP.c(19): warning C4028: formal parameter 1 different from declaration
C:\Users\Namrata\source\repos\DOS_Attack_v12.0\DOS_Attack_IoT_Workspace\src\Simulation\TCP\TCP.c(207): warning C4013: 'syn_flood' undefined; assuming extern returning int
  TCP_ApplicationInterface.c
  TCP_Connection.c
  TCP_Enum.c
  TCP_Incoming.c
  TCP_NetworkInterface.c
  TCP_Outgoing.c
  TCP_Packet.c
  TCP_Socket.c
  TCP_Test.c
  WindowScale.c
  Generating Code...
C:\Program Files (x86)\Microsoft Visual Studio\2019\Community\MSBuild\Microsoft\VC\v160\Microsoft.CppBuild.targets(1226,5): warning MSB8012: TargetPath(C:\Users\Namrata\source\repos\DOS_Attack_v12.0\DOS_Attack_IoT_Workspace\src\Simulation\TCP\..\..\..\bin\bin_x86\TCP.dll) does not match the Linker's OutputFile property value (C:\Users\Namrata\source\repos\DOS_Attack_v12.0\DOS_Attack_IoT_Workspace\bin\bin_x86\libTCP.dll). This may cause your project to build incorrectly. To correct this, please make sure that $(OutDir), $(TargetName) and $(TargetExt) property values match the value specified in %(Link.OutputFile).
C:\Program Files (x86)\Microsoft Visual Studio\2019\Community\MSBuild\Microsoft\VC\v160\Microsoft.CppBuild.targets(1228,5): warning MSB8012: TargetName(TCP) does not match the Linker's OutputFile property value (libTCP). This may cause your project to build incorrectly. To correct this, please make sure that $(OutDir), $(TargetName) and $(TargetExt) property values match the value specified in %(Link.OutputFile).
Congestion.obj : warning LNK4075: ignoring '/EDITANDCONTINUE' due to '/INCREMENTAL:NO' specification
  TCP.lib(TCPLib.obj) : MSIL .netmodule or module compiled with /GL found; restarting link with /LTCG; add /LTCG to the link command line to improve linker performance
Congestion.obj : warning LNK4075: ignoring '/EDITANDCONTINUE' due to '/INCREMENTAL:NO' specification
     Creating library ..\..\..\bin\bin_x86\TCP.lib and object ..\..\..\bin\bin_x86\TCP.exp
LINK : warning LNK4098: defaultlib 'MSVCRT' conflicts with use of other libs; use /NODEFAULTLIB:library
  Generating code
  Finished generating code
TCP.lib(TCPLib.obj) : warning LNK4099: PDB 'TCPLib.pdb' was not found with 'TCP.lib(TCPLib.obj)' or at 'C:\Users\Namrata\source\repos\DOS_Attack_v12.0\DOS_Attack_IoT_Workspace\bin\bin_x86\TCPLib.pdb'; linking object as if no debug info
list.lib(List.obj) : warning LNK4099: PDB 'List.pdb' was not found with 'list.lib(List.obj)' or at 'C:\Users\Namrata\source\repos\DOS_Attack_v12.0\DOS_Attack_IoT_Workspace\bin\bin_x86\List.pdb'; linking object as if no debug info
  TCP.vcxproj -> C:\Users\Namrata\source\repos\DOS_Attack_v12.0\DOS_Attack_IoT_Workspace\src\Simulation\TCP\..\..\..\bin\bin_x86\TCP.dll
