g:\october_2019\workspaces\dos_attack_v12.0\dos_attack_iot_workspace\src\simulation\tcp\x64\debug\vc142.pdb
g:\october_2019\workspaces\dos_attack_v12.0\dos_attack_iot_workspace\src\simulation\tcp\x64\debug\vc142.idb
g:\october_2019\workspaces\dos_attack_v12.0\dos_attack_iot_workspace\src\simulation\tcp\x64\debug\windowscale.obj
g:\october_2019\workspaces\dos_attack_v12.0\dos_attack_iot_workspace\src\simulation\tcp\x64\debug\tcp_test.obj
g:\october_2019\workspaces\dos_attack_v12.0\dos_attack_iot_workspace\src\simulation\tcp\x64\debug\tcp_socket.obj
g:\october_2019\workspaces\dos_attack_v12.0\dos_attack_iot_workspace\src\simulation\tcp\x64\debug\tcp_packet.obj
g:\october_2019\workspaces\dos_attack_v12.0\dos_attack_iot_workspace\src\simulation\tcp\x64\debug\tcp_outgoing.obj
g:\october_2019\workspaces\dos_attack_v12.0\dos_attack_iot_workspace\src\simulation\tcp\x64\debug\tcp_networkinterface.obj
g:\october_2019\workspaces\dos_attack_v12.0\dos_attack_iot_workspace\src\simulation\tcp\x64\debug\tcp_incoming.obj
g:\october_2019\workspaces\dos_attack_v12.0\dos_attack_iot_workspace\src\simulation\tcp\x64\debug\tcp_enum.obj
g:\october_2019\workspaces\dos_attack_v12.0\dos_attack_iot_workspace\src\simulation\tcp\x64\debug\tcp_connection.obj
g:\october_2019\workspaces\dos_attack_v12.0\dos_attack_iot_workspace\src\simulation\tcp\x64\debug\tcp_applicationinterface.obj
g:\october_2019\workspaces\dos_attack_v12.0\dos_attack_iot_workspace\src\simulation\tcp\x64\debug\tcp.obj
g:\october_2019\workspaces\dos_attack_v12.0\dos_attack_iot_workspace\src\simulation\tcp\x64\debug\tcb.obj
g:\october_2019\workspaces\dos_attack_v12.0\dos_attack_iot_workspace\src\simulation\tcp\x64\debug\syn_flood.obj
g:\october_2019\workspaces\dos_attack_v12.0\dos_attack_iot_workspace\src\simulation\tcp\x64\debug\sack.obj
g:\october_2019\workspaces\dos_attack_v12.0\dos_attack_iot_workspace\src\simulation\tcp\x64\debug\rto.obj
g:\october_2019\workspaces\dos_attack_v12.0\dos_attack_iot_workspace\src\simulation\tcp\x64\debug\delayedack.obj
g:\october_2019\workspaces\dos_attack_v12.0\dos_attack_iot_workspace\src\simulation\tcp\x64\debug\cubic.obj
g:\october_2019\workspaces\dos_attack_v12.0\dos_attack_iot_workspace\src\simulation\tcp\x64\debug\congestion.obj
g:\october_2019\workspaces\dos_attack_v12.0\dos_attack_iot_workspace\bin\bin_x64\libtcp.dll
g:\october_2019\workspaces\dos_attack_v12.0\dos_attack_iot_workspace\bin\bin_x64\tcp.pdb
g:\october_2019\workspaces\dos_attack_v12.0\dos_attack_iot_workspace\src\simulation\lib_x64\libtcp.lib
g:\october_2019\workspaces\dos_attack_v12.0\dos_attack_iot_workspace\src\simulation\lib_x64\libtcp.exp
g:\october_2019\workspaces\dos_attack_v12.0\dos_attack_iot_workspace\src\simulation\tcp\x64\debug\tcp.tlog\cl.command.1.tlog
g:\october_2019\workspaces\dos_attack_v12.0\dos_attack_iot_workspace\src\simulation\tcp\x64\debug\tcp.tlog\cl.read.1.tlog
g:\october_2019\workspaces\dos_attack_v12.0\dos_attack_iot_workspace\src\simulation\tcp\x64\debug\tcp.tlog\cl.write.1.tlog
g:\october_2019\workspaces\dos_attack_v12.0\dos_attack_iot_workspace\src\simulation\tcp\x64\debug\tcp.tlog\link.command.1.tlog
g:\october_2019\workspaces\dos_attack_v12.0\dos_attack_iot_workspace\src\simulation\tcp\x64\debug\tcp.tlog\link.read.1.tlog
g:\october_2019\workspaces\dos_attack_v12.0\dos_attack_iot_workspace\src\simulation\tcp\x64\debug\tcp.tlog\link.write.1.tlog
g:\october_2019\workspaces\dos_attack_v12.0\dos_attack_iot_workspace\src\simulation\tcp\x64\debug\tcp.tlog\tcp.write.1u.tlog
