d:\file exchange v12.0\v12.0\dos_attack_v12.0\dos_attack_iot_workspace\src\simulation\ethernet\x64\debug\vc142.pdb
d:\file exchange v12.0\v12.0\dos_attack_v12.0\dos_attack_iot_workspace\src\simulation\ethernet\x64\debug\vc142.idb
d:\file exchange v12.0\v12.0\dos_attack_v12.0\dos_attack_iot_workspace\src\simulation\ethernet\x64\debug\vlan.obj
d:\file exchange v12.0\v12.0\dos_attack_v12.0\dos_attack_iot_workspace\src\simulation\ethernet\x64\debug\switchtable.obj
d:\file exchange v12.0\v12.0\dos_attack_v12.0\dos_attack_iot_workspace\src\simulation\ethernet\x64\debug\spanningtree.obj
d:\file exchange v12.0\v12.0\dos_attack_v12.0\dos_attack_iot_workspace\src\simulation\ethernet\x64\debug\ethernet_phy.obj
d:\file exchange v12.0\v12.0\dos_attack_v12.0\dos_attack_iot_workspace\src\simulation\ethernet\x64\debug\ethernet_mac.obj
d:\file exchange v12.0\v12.0\dos_attack_v12.0\dos_attack_iot_workspace\src\simulation\ethernet\x64\debug\ethernet_enum.obj
d:\file exchange v12.0\v12.0\dos_attack_v12.0\dos_attack_iot_workspace\src\simulation\ethernet\x64\debug\ethernet.obj
d:\file exchange v12.0\v12.0\dos_attack_v12.0\dos_attack_iot_workspace\bin\bin_x64\ethernet.lib
d:\file exchange v12.0\v12.0\dos_attack_v12.0\dos_attack_iot_workspace\bin\bin_x64\ethernet.exp
d:\file exchange v12.0\v12.0\dos_attack_v12.0\dos_attack_iot_workspace\bin\bin_x64\libethernet.dll
d:\file exchange v12.0\v12.0\dos_attack_v12.0\dos_attack_iot_workspace\bin\bin_x64\ethernet.pdb
d:\file exchange v12.0\v12.0\dos_attack_v12.0\dos_attack_iot_workspace\src\simulation\ethernet\x64\debug\ethernet.tlog\cl.command.1.tlog
d:\file exchange v12.0\v12.0\dos_attack_v12.0\dos_attack_iot_workspace\src\simulation\ethernet\x64\debug\ethernet.tlog\cl.read.1.tlog
d:\file exchange v12.0\v12.0\dos_attack_v12.0\dos_attack_iot_workspace\src\simulation\ethernet\x64\debug\ethernet.tlog\cl.write.1.tlog
d:\file exchange v12.0\v12.0\dos_attack_v12.0\dos_attack_iot_workspace\src\simulation\ethernet\x64\debug\ethernet.tlog\ethernet.write.1u.tlog
d:\file exchange v12.0\v12.0\dos_attack_v12.0\dos_attack_iot_workspace\src\simulation\ethernet\x64\debug\ethernet.tlog\link.command.1.tlog
d:\file exchange v12.0\v12.0\dos_attack_v12.0\dos_attack_iot_workspace\src\simulation\ethernet\x64\debug\ethernet.tlog\link.read.1.tlog
d:\file exchange v12.0\v12.0\dos_attack_v12.0\dos_attack_iot_workspace\src\simulation\ethernet\x64\debug\ethernet.tlog\link.write.1.tlog
